<?xml version="1.0" encoding="UTF-8"?>
<testng-results ignored="0" total="1" passed="1" failed="0" skipped="0">
  <reporter-output>
  </reporter-output>
  <suite started-at="2023-09-22T17:15:13 EET" name="Default suite" finished-at="2023-09-22T17:15:20 EET" duration-ms="6400">
    <groups>
    </groups>
    <test started-at="2023-09-22T17:15:13 EET" name="Default test" finished-at="2023-09-22T17:15:20 EET" duration-ms="6400">
      <class name="Project1">
        <test-method is-config="true" signature="setup()[pri:0, instance:Project1@127d7908]" started-at="2023-09-22T17:15:13 EET" name="setup" finished-at="2023-09-22T17:15:13 EET" duration-ms="5" status="PASS">
          <reporter-output>
          </reporter-output>
        </test-method> <!-- setup -->
        <test-method signature="testAlmosaferWebsite()[pri:0, instance:Project1@127d7908]" started-at="2023-09-22T17:15:13 EET" name="testAlmosaferWebsite" finished-at="2023-09-22T17:15:20 EET" duration-ms="6366" status="PASS">
          <reporter-output>
          </reporter-output>
        </test-method> <!-- testAlmosaferWebsite -->
        <test-method is-config="true" signature="teardown()[pri:0, instance:Project1@127d7908]" started-at="2023-09-22T17:15:20 EET" name="teardown" finished-at="2023-09-22T17:15:20 EET" duration-ms="0" status="PASS">
          <reporter-output>
          </reporter-output>
        </test-method> <!-- teardown -->
      </class> <!-- Project1 -->
    </test> <!-- Default test -->
  </suite> <!-- Default suite -->
</testng-results>
